TN:
SF:src/services/burger-constructor/slice.ts
FN:19,reducer
FN:26,prepare
FN:30,removeItem
FN:35,moveDown
FN:41,moveUp
FN:47,clearConstructor
FN:53,selectConstructorItems
FNF:7
FNH:6
FNDA:9,reducer
FNDA:9,prepare
FNDA:1,removeItem
FNDA:1,moveDown
FNDA:1,moveUp
FNDA:1,clearConstructor
FNDA:0,selectConstructorItems
DA:1,1
DA:2,1
DA:3,1
DA:4,1
DA:5,1
DA:6,1
DA:7,1
DA:8,1
DA:9,1
DA:10,1
DA:11,1
DA:12,1
DA:13,1
DA:14,1
DA:15,1
DA:16,1
DA:17,1
DA:18,1
DA:19,1
DA:20,9
DA:21,2
DA:22,9
DA:23,7
DA:24,7
DA:25,1
DA:26,1
DA:27,1
DA:28,1
DA:29,1
DA:30,1
DA:31,1
DA:32,1
DA:33,1
DA:34,1
DA:35,1
DA:36,1
DA:37,1
DA:38,1
DA:39,1
DA:40,1
DA:41,1
DA:42,1
DA:43,1
DA:44,1
DA:45,1
DA:46,1
DA:47,1
DA:48,1
DA:49,1
DA:50,1
DA:51,1
DA:52,1
DA:53,1
DA:54,1
DA:55,1
DA:56,1
DA:57,1
DA:58,1
DA:59,1
LF:59
LH:59
BRDA:19,0,0,9
BRDA:20,1,0,2
BRDA:22,2,0,7
BRDA:26,3,0,9
BRDA:30,4,0,1
BRDA:32,5,0,1
BRDA:35,6,0,1
BRDA:41,7,0,1
BRDA:47,8,0,1
BRF:9
BRH:9
end_of_record
