TN:
SF:src/services/feeds/action.ts
FNF:0
FNH:0
DA:1,1
DA:2,1
DA:3,1
DA:4,1
LF:4
LH:4
BRF:0
BRH:0
end_of_record
TN:
SF:src/services/feeds/slice.ts
FN:22,extraReducers
FN:40,selectIsLoading
FN:41,selectOrders
FN:42,selectTotal
FN:43,selectTotalToday
FNF:5
FNH:5
FNDA:1,extraReducers
FNDA:2,selectIsLoading
FNDA:2,selectOrders
FNDA:1,selectTotal
FNDA:1,selectTotalToday
DA:1,1
DA:2,1
DA:3,1
DA:4,1
DA:5,1
DA:6,1
DA:7,1
DA:8,1
DA:9,1
DA:10,1
DA:11,1
DA:12,1
DA:13,1
DA:14,1
DA:15,1
DA:16,1
DA:17,1
DA:18,1
DA:19,1
DA:20,1
DA:21,1
DA:22,1
DA:23,1
DA:24,1
DA:25,3
DA:26,3
DA:27,1
DA:28,1
DA:29,1
DA:30,1
DA:31,1
DA:32,1
DA:33,4
DA:34,4
DA:35,4
DA:36,4
DA:37,1
DA:38,1
DA:39,1
DA:40,1
DA:41,1
DA:42,1
DA:43,1
DA:44,1
DA:45,1
DA:46,1
DA:47,1
DA:48,1
LF:48
LH:48
BRDA:22,0,0,1
BRDA:24,1,0,3
BRDA:28,2,0,1
BRDA:32,3,0,4
BRDA:40,4,0,2
BRDA:41,5,0,2
BRDA:42,6,0,1
BRDA:43,7,0,1
BRF:8
BRH:8
end_of_record
